2025-03-17 17:49:39,215 - INFO - Validating retailer data: {'ws_name': 'Warung Tembakau Utan Jati', 'name': '425', 'phone_number': '425', 'address': '425', 'provinsi': 'DAERAH KHUSUS IBUKOTA JAKARTA', 'kota': 'JAKARTA SELATAN', 'kecamatan': 'JAGAKARSA', 'kelurahan': 'CIPEDAK', 'photos': [<InMemoryUploadedFile: Screenshot 2025-03-17 105908.png (image/png)>, <InMemoryUploadedFile: Screenshot 2025-03-13 130455.png (image/png)>, <InMemoryUploadedFile: Screenshot 2025-03-13 085115.png (image/png)>], 'photo_remarks': ['Foto Stiker POSM', 'Foto Tester', 'Foto Kode Tester']}
2025-03-17 17:49:39,941 - INFO - Starting retailer registration process...
2025-03-17 17:49:39,987 - INFO - Retailer 425 created successfully.
2025-03-17 17:49:43,777 - INFO - Uploaded 3 photos for retailer 425
2025-03-17 17:49:43,819 - INFO - Voucher 37L7DKDI59 generated for retailer 425
2025-03-17 17:49:46,168 - INFO - Email sent successfully to ['banyu.senjana@limamail.net', 'dimas.rosadi@limamail.net']
2025-07-17 10:00:55,585 - INFO - Validating retailer data: {'ws_name': 'Agen', 'name': 'ahres', 'phone_number': '081818181818', 'address': 'Duren Sawit, East Jakarta.', 'provinsi': 'DAERAH KHUSUS IBUKOTA JAKARTA', 'kota': 'JAKARTA TIMUR', 'kecamatan': 'DUREN SAWIT', 'kelurahan': 'DUREN SAWIT', 'photos': [<InMemoryUploadedFile: Screenshot 2025-07-14 104557.png (image/png)>], 'photo_remarks': ['Foto Pack/Slop Display']}
2025-07-17 10:00:55,663 - INFO - Starting retailer registration process...
2025-07-17 10:00:55,674 - INFO - Retailer ahres created successfully.
2025-07-17 10:00:58,751 - INFO - Uploaded 1 photos for retailer ahres
2025-07-17 10:00:58,763 - INFO - Voucher ZL0T5TEKUT generated for retailer ahres
2025-07-17 10:01:05,283 - INFO - Email sent successfully to ['deny.kusindarto@limamail.net'] with CC to ['banyu.senjana@limamail.net', 'dimas.rosadi@limamail.net']
2025-07-17 21:29:36,568 - INFO - Validating retailer data: {'ws_name': 'test agent IT', 'name': 'TEST IT ABAIKAN', 'phone_number': '0812312', 'address': 'TEST IT ABAIKAN', 'provinsi': 'DAERAH KHUSUS IBUKOTA JAKARTA', 'kota': 'JAKARTA TIMUR', 'kecamatan': 'PULO GADUNG', 'kelurahan': 'PULO GADUNG', 'photos': [<InMemoryUploadedFile: Screenshot 2025-04-28 081337.png (image/png)>], 'photo_remarks': ['Foto Pack/Slop Display']}
2025-07-17 21:29:36,646 - INFO - Starting retailer registration process...
2025-07-17 21:29:36,658 - INFO - Retailer TEST IT ABAIKAN created successfully.
2025-07-17 21:29:39,499 - INFO - Uploaded 1 photos for retailer TEST IT ABAIKAN
2025-07-17 21:29:39,510 - INFO - Voucher Q20NH8JD1X generated for retailer TEST IT ABAIKAN
2025-07-17 21:29:43,900 - INFO - Email sent successfully to ['deny.kusindarto@limamail.net'] with CC to ['banyu.senjana@limamail.net', 'dimas.rosadi@limamail.net']
2025-07-17 21:38:02,185 - INFO - Validating retailer data: {'ws_name': 'test agent IT', 'name': 'IT lagi test lagi ABAIKAN', 'phone_number': '08123123', 'address': 'IT LAGI NGETES LAGI', 'provinsi': 'DAERAH KHUSUS IBUKOTA JAKARTA', 'kota': 'JAKARTA TIMUR', 'kecamatan': 'PULO GADUNG', 'kelurahan': 'PULO GADUNG', 'photos': [<InMemoryUploadedFile: Screenshot 2025-04-28 092302.png (image/png)>], 'photo_remarks': ['Foto Pack/Slop Display']}
2025-07-17 21:38:02,280 - INFO - Starting retailer registration process...
2025-07-17 21:38:02,284 - INFO - Retailer IT lagi test lagi ABAIKAN created successfully.
2025-07-17 21:38:05,399 - INFO - Uploaded 1 photos for retailer IT lagi test lagi ABAIKAN
2025-07-17 21:38:05,408 - INFO - Voucher W3VHF8ZMMA generated for retailer IT lagi test lagi ABAIKAN
2025-07-17 21:38:09,396 - INFO - Email sent successfully to ['banyu.senjana@limamail.net'] with CC to ['dimas.rosadi@limamail.net']
2025-07-18 10:15:32,968 - INFO - Validating retailer data: {'ws_name': 'Javan Cigars Offline Shop', 'name': 'asdasd', 'phone_number': '1231232', 'address': 'asdsad', 'provinsi': 'BANTEN', 'kota': 'LEBAK', 'kecamatan': 'BAYAH', 'kelurahan': 'BAYAH BARAT', 'photos': [<InMemoryUploadedFile: Downstream.jpeg (image/jpeg)>], 'photo_remarks': ['Foto Pack/Slop Display']}
2025-07-18 10:15:33,023 - INFO - Starting retailer registration process...
2025-07-18 10:15:33,036 - INFO - Retailer asdasd created successfully.
2025-07-18 10:16:52,243 - INFO - Validating retailer data: {'ws_name': 'Javan Cigars Offline Shop', 'name': 'asdsad', 'phone_number': '123213', 'address': '112321', 'provinsi': 'ACEH', 'kota': 'ACEH UTARA', 'kecamatan': 'NIBONG', 'kelurahan': 'ALUE BUMAN', 'photos': [<InMemoryUploadedFile: Downstream.jpeg (image/jpeg)>], 'photo_remarks': ['Foto Pack/Slop Display']}
2025-07-18 10:16:52,303 - INFO - Starting retailer registration process...
2025-07-18 10:16:52,311 - INFO - Retailer asdsad created successfully.
2025-07-18 10:21:19,213 - INFO - Validating retailer data: {'ws_name': 'Javan Cigars Offline Shop', 'name': 'asdasd', 'phone_number': '123123', 'address': 'asdasd', 'provinsi': 'BENGKULU', 'kota': 'KEPAHIANG', 'kecamatan': 'BERMANI ILIR', 'kelurahan': 'AIR RAMAN', 'photos': [<InMemoryUploadedFile: Downstream.jpeg (image/jpeg)>], 'photo_remarks': ['Foto Pack/Slop Display']}
2025-07-18 10:21:19,277 - INFO - Starting retailer registration process...
2025-07-18 10:21:19,285 - INFO - Retailer asdasd created successfully.
2025-07-18 10:21:20,607 - INFO - Uploaded 1 photos for retailer asdasd
2025-07-18 10:21:20,617 - INFO - Voucher RNT4VVJJSY generated for retailer asdasd
2025-07-18 10:21:28,204 - INFO - Email sent successfully to ['banyu.senjana@limamail.net'] with CC to ['dimas.rosadi@limamail.net']
